2018-02-14 20:42:20,948 [main] INFO  b.c.c.c.application.Application - Starting Application on COPENGNPE01F7XC with PID 9400 (C:\Users\dvsjunior\IdeaProjects\spring-jpa-jersey\target\classes started by dvsjunior in C:\Users\dvsjunior\IdeaProjects\spring-jpa-jersey)
2018-02-14 20:42:20,991 [main] INFO  b.c.c.c.application.Application - No active profile set, falling back to default profiles: default
2018-02-14 20:42:29,084 [localhost-startStop-1] WARN  o.g.j.internal.inject.Providers - A provider br.com.cinq.cities.resources.CORSFilter registered in SERVER runtime does not implement any provider interfaces applicable in the SERVER runtime. Due to constraint configuration problems the provider br.com.cinq.cities.resources.CORSFilter will be ignored. 
2018-02-14 20:42:32,608 [main] WARN  o.s.b.c.e.AnnotationConfigEmbeddedWebApplicationContext - Exception encountered during context initialization - cancelling refresh attempt: org.springframework.beans.factory.BeanCreationException: Error creating bean with name 'entityManagerFactory' defined in class path resource [org/springframework/boot/autoconfigure/orm/jpa/HibernateJpaAutoConfiguration.class]: Invocation of init method failed; nested exception is org.hibernate.AnnotationException: Illegal attempt to map a non collection as a @OneToMany, @ManyToMany or @CollectionOfElements: br.com.cinq.cities.model.City.country_id
2018-02-14 20:42:32,719 [main] ERROR o.s.boot.SpringApplication - Application startup failed
org.springframework.beans.factory.BeanCreationException: Error creating bean with name 'entityManagerFactory' defined in class path resource [org/springframework/boot/autoconfigure/orm/jpa/HibernateJpaAutoConfiguration.class]: Invocation of init method failed; nested exception is org.hibernate.AnnotationException: Illegal attempt to map a non collection as a @OneToMany, @ManyToMany or @CollectionOfElements: br.com.cinq.cities.model.City.country_id
	at org.springframework.beans.factory.support.AbstractAutowireCapableBeanFactory.initializeBean(AbstractAutowireCapableBeanFactory.java:1628)
	at org.springframework.beans.factory.support.AbstractAutowireCapableBeanFactory.doCreateBean(AbstractAutowireCapableBeanFactory.java:555)
	at org.springframework.beans.factory.support.AbstractAutowireCapableBeanFactory.createBean(AbstractAutowireCapableBeanFactory.java:483)
	at org.springframework.beans.factory.support.AbstractBeanFactory$1.getObject(AbstractBeanFactory.java:306)
	at org.springframework.beans.factory.support.DefaultSingletonBeanRegistry.getSingleton(DefaultSingletonBeanRegistry.java:230)
	at org.springframework.beans.factory.support.AbstractBeanFactory.doGetBean(AbstractBeanFactory.java:302)
	at org.springframework.beans.factory.support.AbstractBeanFactory.getBean(AbstractBeanFactory.java:197)
	at org.springframework.context.support.AbstractApplicationContext.getBean(AbstractApplicationContext.java:1080)
	at org.springframework.context.support.AbstractApplicationContext.finishBeanFactoryInitialization(AbstractApplicationContext.java:857)
	at org.springframework.context.support.AbstractApplicationContext.refresh(AbstractApplicationContext.java:543)
	at org.springframework.boot.context.embedded.EmbeddedWebApplicationContext.refresh(EmbeddedWebApplicationContext.java:122)
	at org.springframework.boot.SpringApplication.refresh(SpringApplication.java:693)
	at org.springframework.boot.SpringApplication.refreshContext(SpringApplication.java:360)
	at org.springframework.boot.SpringApplication.run(SpringApplication.java:303)
	at org.springframework.boot.builder.SpringApplicationBuilder.run(SpringApplicationBuilder.java:134)
	at br.com.cinq.cities.application.Application.main(Application.java:27)
Caused by: org.hibernate.AnnotationException: Illegal attempt to map a non collection as a @OneToMany, @ManyToMany or @CollectionOfElements: br.com.cinq.cities.model.City.country_id
	at org.hibernate.cfg.annotations.CollectionBinder.getCollectionBinder(CollectionBinder.java:322)
	at org.hibernate.cfg.AnnotationBinder.processElementAnnotations(AnnotationBinder.java:1892)
	at org.hibernate.cfg.AnnotationBinder.processIdPropertiesIfNotAlready(AnnotationBinder.java:911)
	at org.hibernate.cfg.AnnotationBinder.bindClass(AnnotationBinder.java:738)
	at org.hibernate.boot.model.source.internal.annotations.AnnotationMetadataSourceProcessorImpl.processEntityHierarchies(AnnotationMetadataSourceProcessorImpl.java:245)
	at org.hibernate.boot.model.process.spi.MetadataBuildingProcess$1.processEntityHierarchies(MetadataBuildingProcess.java:222)
	at org.hibernate.boot.model.process.spi.MetadataBuildingProcess.complete(MetadataBuildingProcess.java:265)
	at org.hibernate.jpa.boot.internal.EntityManagerFactoryBuilderImpl.metadata(EntityManagerFactoryBuilderImpl.java:847)
	at org.hibernate.jpa.boot.internal.EntityManagerFactoryBuilderImpl.build(EntityManagerFactoryBuilderImpl.java:874)
	at org.springframework.orm.jpa.vendor.SpringHibernateJpaPersistenceProvider.createContainerEntityManagerFactory(SpringHibernateJpaPersistenceProvider.java:60)
	at org.springframework.orm.jpa.LocalContainerEntityManagerFactoryBean.createNativeEntityManagerFactory(LocalContainerEntityManagerFactoryBean.java:360)
	at org.springframework.orm.jpa.AbstractEntityManagerFactoryBean.buildNativeEntityManagerFactory(AbstractEntityManagerFactoryBean.java:382)
	at org.springframework.orm.jpa.AbstractEntityManagerFactoryBean.afterPropertiesSet(AbstractEntityManagerFactoryBean.java:371)
	at org.springframework.orm.jpa.LocalContainerEntityManagerFactoryBean.afterPropertiesSet(LocalContainerEntityManagerFactoryBean.java:336)
	at org.springframework.beans.factory.support.AbstractAutowireCapableBeanFactory.invokeInitMethods(AbstractAutowireCapableBeanFactory.java:1687)
	at org.springframework.beans.factory.support.AbstractAutowireCapableBeanFactory.initializeBean(AbstractAutowireCapableBeanFactory.java:1624)
	... 15 common frames omitted
2018-02-14 20:43:12,323 [main] INFO  b.c.c.c.application.Application - Starting Application on COPENGNPE01F7XC with PID 10132 (C:\Users\dvsjunior\IdeaProjects\spring-jpa-jersey\target\classes started by dvsjunior in C:\Users\dvsjunior\IdeaProjects\spring-jpa-jersey)
2018-02-14 20:43:12,327 [main] INFO  b.c.c.c.application.Application - No active profile set, falling back to default profiles: default
2018-02-14 20:43:16,096 [localhost-startStop-1] WARN  o.g.j.internal.inject.Providers - A provider br.com.cinq.cities.resources.CORSFilter registered in SERVER runtime does not implement any provider interfaces applicable in the SERVER runtime. Due to constraint configuration problems the provider br.com.cinq.cities.resources.CORSFilter will be ignored. 
2018-02-14 20:43:17,274 [main] WARN  o.s.b.c.e.AnnotationConfigEmbeddedWebApplicationContext - Exception encountered during context initialization - cancelling refresh attempt: org.springframework.beans.factory.BeanCreationException: Error creating bean with name 'entityManagerFactory' defined in class path resource [org/springframework/boot/autoconfigure/orm/jpa/HibernateJpaAutoConfiguration.class]: Invocation of init method failed; nested exception is org.hibernate.AnnotationException: Illegal attempt to map a non collection as a @OneToMany, @ManyToMany or @CollectionOfElements: br.com.cinq.cities.model.City.country_id
2018-02-14 20:43:17,299 [main] ERROR o.s.boot.SpringApplication - Application startup failed
org.springframework.beans.factory.BeanCreationException: Error creating bean with name 'entityManagerFactory' defined in class path resource [org/springframework/boot/autoconfigure/orm/jpa/HibernateJpaAutoConfiguration.class]: Invocation of init method failed; nested exception is org.hibernate.AnnotationException: Illegal attempt to map a non collection as a @OneToMany, @ManyToMany or @CollectionOfElements: br.com.cinq.cities.model.City.country_id
	at org.springframework.beans.factory.support.AbstractAutowireCapableBeanFactory.initializeBean(AbstractAutowireCapableBeanFactory.java:1628)
	at org.springframework.beans.factory.support.AbstractAutowireCapableBeanFactory.doCreateBean(AbstractAutowireCapableBeanFactory.java:555)
	at org.springframework.beans.factory.support.AbstractAutowireCapableBeanFactory.createBean(AbstractAutowireCapableBeanFactory.java:483)
	at org.springframework.beans.factory.support.AbstractBeanFactory$1.getObject(AbstractBeanFactory.java:306)
	at org.springframework.beans.factory.support.DefaultSingletonBeanRegistry.getSingleton(DefaultSingletonBeanRegistry.java:230)
	at org.springframework.beans.factory.support.AbstractBeanFactory.doGetBean(AbstractBeanFactory.java:302)
	at org.springframework.beans.factory.support.AbstractBeanFactory.getBean(AbstractBeanFactory.java:197)
	at org.springframework.context.support.AbstractApplicationContext.getBean(AbstractApplicationContext.java:1080)
	at org.springframework.context.support.AbstractApplicationContext.finishBeanFactoryInitialization(AbstractApplicationContext.java:857)
	at org.springframework.context.support.AbstractApplicationContext.refresh(AbstractApplicationContext.java:543)
	at org.springframework.boot.context.embedded.EmbeddedWebApplicationContext.refresh(EmbeddedWebApplicationContext.java:122)
	at org.springframework.boot.SpringApplication.refresh(SpringApplication.java:693)
	at org.springframework.boot.SpringApplication.refreshContext(SpringApplication.java:360)
	at org.springframework.boot.SpringApplication.run(SpringApplication.java:303)
	at org.springframework.boot.builder.SpringApplicationBuilder.run(SpringApplicationBuilder.java:134)
	at br.com.cinq.cities.application.Application.main(Application.java:27)
Caused by: org.hibernate.AnnotationException: Illegal attempt to map a non collection as a @OneToMany, @ManyToMany or @CollectionOfElements: br.com.cinq.cities.model.City.country_id
	at org.hibernate.cfg.annotations.CollectionBinder.getCollectionBinder(CollectionBinder.java:322)
	at org.hibernate.cfg.AnnotationBinder.processElementAnnotations(AnnotationBinder.java:1892)
	at org.hibernate.cfg.AnnotationBinder.processIdPropertiesIfNotAlready(AnnotationBinder.java:911)
	at org.hibernate.cfg.AnnotationBinder.bindClass(AnnotationBinder.java:738)
	at org.hibernate.boot.model.source.internal.annotations.AnnotationMetadataSourceProcessorImpl.processEntityHierarchies(AnnotationMetadataSourceProcessorImpl.java:245)
	at org.hibernate.boot.model.process.spi.MetadataBuildingProcess$1.processEntityHierarchies(MetadataBuildingProcess.java:222)
	at org.hibernate.boot.model.process.spi.MetadataBuildingProcess.complete(MetadataBuildingProcess.java:265)
	at org.hibernate.jpa.boot.internal.EntityManagerFactoryBuilderImpl.metadata(EntityManagerFactoryBuilderImpl.java:847)
	at org.hibernate.jpa.boot.internal.EntityManagerFactoryBuilderImpl.build(EntityManagerFactoryBuilderImpl.java:874)
	at org.springframework.orm.jpa.vendor.SpringHibernateJpaPersistenceProvider.createContainerEntityManagerFactory(SpringHibernateJpaPersistenceProvider.java:60)
	at org.springframework.orm.jpa.LocalContainerEntityManagerFactoryBean.createNativeEntityManagerFactory(LocalContainerEntityManagerFactoryBean.java:360)
	at org.springframework.orm.jpa.AbstractEntityManagerFactoryBean.buildNativeEntityManagerFactory(AbstractEntityManagerFactoryBean.java:382)
	at org.springframework.orm.jpa.AbstractEntityManagerFactoryBean.afterPropertiesSet(AbstractEntityManagerFactoryBean.java:371)
	at org.springframework.orm.jpa.LocalContainerEntityManagerFactoryBean.afterPropertiesSet(LocalContainerEntityManagerFactoryBean.java:336)
	at org.springframework.beans.factory.support.AbstractAutowireCapableBeanFactory.invokeInitMethods(AbstractAutowireCapableBeanFactory.java:1687)
	at org.springframework.beans.factory.support.AbstractAutowireCapableBeanFactory.initializeBean(AbstractAutowireCapableBeanFactory.java:1624)
	... 15 common frames omitted
2018-02-14 20:47:11,052 [main] INFO  b.c.c.c.application.Application - Starting Application on COPENGNPE01F7XC with PID 9824 (C:\Users\dvsjunior\IdeaProjects\spring-jpa-jersey\target\classes started by dvsjunior in C:\Users\dvsjunior\IdeaProjects\spring-jpa-jersey)
2018-02-14 20:47:11,057 [main] INFO  b.c.c.c.application.Application - No active profile set, falling back to default profiles: default
2018-02-14 20:47:15,303 [localhost-startStop-1] WARN  o.g.j.internal.inject.Providers - A provider br.com.cinq.cities.resources.CORSFilter registered in SERVER runtime does not implement any provider interfaces applicable in the SERVER runtime. Due to constraint configuration problems the provider br.com.cinq.cities.resources.CORSFilter will be ignored. 
2018-02-14 20:47:26,163 [main] WARN  o.s.b.c.e.AnnotationConfigEmbeddedWebApplicationContext - Exception encountered during context initialization - cancelling refresh attempt: org.springframework.beans.factory.BeanCreationException: Error creating bean with name 'entityManagerFactory' defined in class path resource [org/springframework/boot/autoconfigure/orm/jpa/HibernateJpaAutoConfiguration.class]: Invocation of init method failed; nested exception is javax.persistence.PersistenceException: [PersistenceUnit: default] Unable to build Hibernate SessionFactory
2018-02-14 20:47:26,202 [main] ERROR o.s.boot.SpringApplication - Application startup failed
org.springframework.beans.factory.BeanCreationException: Error creating bean with name 'entityManagerFactory' defined in class path resource [org/springframework/boot/autoconfigure/orm/jpa/HibernateJpaAutoConfiguration.class]: Invocation of init method failed; nested exception is javax.persistence.PersistenceException: [PersistenceUnit: default] Unable to build Hibernate SessionFactory
	at org.springframework.beans.factory.support.AbstractAutowireCapableBeanFactory.initializeBean(AbstractAutowireCapableBeanFactory.java:1628)
	at org.springframework.beans.factory.support.AbstractAutowireCapableBeanFactory.doCreateBean(AbstractAutowireCapableBeanFactory.java:555)
	at org.springframework.beans.factory.support.AbstractAutowireCapableBeanFactory.createBean(AbstractAutowireCapableBeanFactory.java:483)
	at org.springframework.beans.factory.support.AbstractBeanFactory$1.getObject(AbstractBeanFactory.java:306)
	at org.springframework.beans.factory.support.DefaultSingletonBeanRegistry.getSingleton(DefaultSingletonBeanRegistry.java:230)
	at org.springframework.beans.factory.support.AbstractBeanFactory.doGetBean(AbstractBeanFactory.java:302)
	at org.springframework.beans.factory.support.AbstractBeanFactory.getBean(AbstractBeanFactory.java:197)
	at org.springframework.context.support.AbstractApplicationContext.getBean(AbstractApplicationContext.java:1080)
	at org.springframework.context.support.AbstractApplicationContext.finishBeanFactoryInitialization(AbstractApplicationContext.java:857)
	at org.springframework.context.support.AbstractApplicationContext.refresh(AbstractApplicationContext.java:543)
	at org.springframework.boot.context.embedded.EmbeddedWebApplicationContext.refresh(EmbeddedWebApplicationContext.java:122)
	at org.springframework.boot.SpringApplication.refresh(SpringApplication.java:693)
	at org.springframework.boot.SpringApplication.refreshContext(SpringApplication.java:360)
	at org.springframework.boot.SpringApplication.run(SpringApplication.java:303)
	at org.springframework.boot.builder.SpringApplicationBuilder.run(SpringApplicationBuilder.java:134)
	at br.com.cinq.cities.application.Application.main(Application.java:27)
Caused by: javax.persistence.PersistenceException: [PersistenceUnit: default] Unable to build Hibernate SessionFactory
	at org.hibernate.jpa.boot.internal.EntityManagerFactoryBuilderImpl.persistenceException(EntityManagerFactoryBuilderImpl.java:954)
	at org.hibernate.jpa.boot.internal.EntityManagerFactoryBuilderImpl.build(EntityManagerFactoryBuilderImpl.java:882)
	at org.springframework.orm.jpa.vendor.SpringHibernateJpaPersistenceProvider.createContainerEntityManagerFactory(SpringHibernateJpaPersistenceProvider.java:60)
	at org.springframework.orm.jpa.LocalContainerEntityManagerFactoryBean.createNativeEntityManagerFactory(LocalContainerEntityManagerFactoryBean.java:360)
	at org.springframework.orm.jpa.AbstractEntityManagerFactoryBean.buildNativeEntityManagerFactory(AbstractEntityManagerFactoryBean.java:382)
	at org.springframework.orm.jpa.AbstractEntityManagerFactoryBean.afterPropertiesSet(AbstractEntityManagerFactoryBean.java:371)
	at org.springframework.orm.jpa.LocalContainerEntityManagerFactoryBean.afterPropertiesSet(LocalContainerEntityManagerFactoryBean.java:336)
	at org.springframework.beans.factory.support.AbstractAutowireCapableBeanFactory.invokeInitMethods(AbstractAutowireCapableBeanFactory.java:1687)
	at org.springframework.beans.factory.support.AbstractAutowireCapableBeanFactory.initializeBean(AbstractAutowireCapableBeanFactory.java:1624)
	... 15 common frames omitted
Caused by: org.hibernate.MappingException: persistent class not known: java.util.Set
	at org.hibernate.boot.internal.MetadataImpl.getIdentifierType(MetadataImpl.java:348)
	at org.hibernate.type.EntityType.getIdentifierType(EntityType.java:551)
	at org.hibernate.type.EntityType.getIdentifierOrUniqueKeyType(EntityType.java:591)
	at org.hibernate.persister.entity.AbstractPropertyMapping.initIdentifierPropertyPaths(AbstractPropertyMapping.java:238)
	at org.hibernate.persister.entity.AbstractPropertyMapping.initPropertyPaths(AbstractPropertyMapping.java:219)
	at org.hibernate.persister.entity.AbstractEntityPersister.initOrdinaryPropertyPaths(AbstractEntityPersister.java:2246)
	at org.hibernate.persister.entity.AbstractEntityPersister.initPropertyPaths(AbstractEntityPersister.java:2293)
	at org.hibernate.persister.entity.AbstractEntityPersister.postConstruct(AbstractEntityPersister.java:3842)
	at org.hibernate.persister.entity.SingleTableEntityPersister.<init>(SingleTableEntityPersister.java:437)
	at sun.reflect.NativeConstructorAccessorImpl.newInstance0(Native Method)
	at sun.reflect.NativeConstructorAccessorImpl.newInstance(NativeConstructorAccessorImpl.java:62)
	at sun.reflect.DelegatingConstructorAccessorImpl.newInstance(DelegatingConstructorAccessorImpl.java:45)
	at java.lang.reflect.Constructor.newInstance(Constructor.java:423)
	at org.hibernate.persister.internal.PersisterFactoryImpl.createEntityPersister(PersisterFactoryImpl.java:96)
	at org.hibernate.persister.internal.PersisterFactoryImpl.createEntityPersister(PersisterFactoryImpl.java:77)
	at org.hibernate.internal.SessionFactoryImpl.<init>(SessionFactoryImpl.java:348)
	at org.hibernate.boot.internal.SessionFactoryBuilderImpl.build(SessionFactoryBuilderImpl.java:444)
	at org.hibernate.jpa.boot.internal.EntityManagerFactoryBuilderImpl.build(EntityManagerFactoryBuilderImpl.java:879)
	... 22 common frames omitted
2018-02-14 20:48:19,145 [main] INFO  b.c.c.c.application.Application - Starting Application on COPENGNPE01F7XC with PID 3740 (C:\Users\dvsjunior\IdeaProjects\spring-jpa-jersey\target\classes started by dvsjunior in C:\Users\dvsjunior\IdeaProjects\spring-jpa-jersey)
2018-02-14 20:48:19,150 [main] INFO  b.c.c.c.application.Application - No active profile set, falling back to default profiles: default
2018-02-14 20:48:23,415 [localhost-startStop-1] WARN  o.g.j.internal.inject.Providers - A provider br.com.cinq.cities.resources.CORSFilter registered in SERVER runtime does not implement any provider interfaces applicable in the SERVER runtime. Due to constraint configuration problems the provider br.com.cinq.cities.resources.CORSFilter will be ignored. 
2018-02-14 20:48:25,457 [main] WARN  o.s.b.c.e.AnnotationConfigEmbeddedWebApplicationContext - Exception encountered during context initialization - cancelling refresh attempt: org.springframework.beans.factory.UnsatisfiedDependencyException: Error creating bean with name 'citiesEndpoint': Unsatisfied dependency expressed through field 'citiesService'; nested exception is org.springframework.beans.factory.NoSuchBeanDefinitionException: No qualifying bean of type 'br.com.cinq.cities.service.CitiesService' available: expected at least 1 bean which qualifies as autowire candidate. Dependency annotations: {@org.springframework.beans.factory.annotation.Autowired(required=true)}
2018-02-14 20:48:25,650 [main] ERROR o.s.b.d.LoggingFailureAnalysisReporter - 

***************************
APPLICATION FAILED TO START
***************************

Description:

Field citiesService in br.com.cinq.cities.endpoint.CitiesEndpoint required a bean of type 'br.com.cinq.cities.service.CitiesService' that could not be found.


Action:

Consider defining a bean of type 'br.com.cinq.cities.service.CitiesService' in your configuration.

2018-02-14 20:48:58,192 [main] INFO  b.c.c.c.application.Application - Starting Application on COPENGNPE01F7XC with PID 8912 (C:\Users\dvsjunior\IdeaProjects\spring-jpa-jersey\target\classes started by dvsjunior in C:\Users\dvsjunior\IdeaProjects\spring-jpa-jersey)
2018-02-14 20:48:58,198 [main] INFO  b.c.c.c.application.Application - No active profile set, falling back to default profiles: default
2018-02-14 20:49:02,477 [localhost-startStop-1] WARN  o.g.j.internal.inject.Providers - A provider br.com.cinq.cities.resources.CORSFilter registered in SERVER runtime does not implement any provider interfaces applicable in the SERVER runtime. Due to constraint configuration problems the provider br.com.cinq.cities.resources.CORSFilter will be ignored. 
2018-02-14 20:49:05,676 [main] INFO  b.c.c.c.application.Application - Started Application in 8.039 seconds (JVM running for 9.066)
2018-02-14 20:53:21,031 [main] INFO  b.c.c.c.application.Application - Starting Application on COPENGNPE01F7XC with PID 9556 (C:\Users\dvsjunior\IdeaProjects\spring-jpa-jersey\target\classes started by dvsjunior in C:\Users\dvsjunior\IdeaProjects\spring-jpa-jersey)
2018-02-14 20:53:21,035 [main] INFO  b.c.c.c.application.Application - No active profile set, falling back to default profiles: default
2018-02-14 20:53:27,556 [main] INFO  b.c.c.c.application.Application - Started Application in 7.115 seconds (JVM running for 8.317)
2018-02-14 20:58:19,153 [main] INFO  b.c.c.c.application.Application - Starting Application on COPENGNPE01F7XC with PID 9532 (C:\Users\dvsjunior\IdeaProjects\spring-jpa-jersey\target\classes started by dvsjunior in C:\Users\dvsjunior\IdeaProjects\spring-jpa-jersey)
2018-02-14 20:58:19,158 [main] INFO  b.c.c.c.application.Application - No active profile set, falling back to default profiles: default
2018-02-14 20:58:25,686 [main] INFO  b.c.c.c.application.Application - Started Application in 7.133 seconds (JVM running for 8.598)
2018-02-14 21:02:35,401 [main] INFO  b.c.c.c.application.Application - Starting Application on COPENGNPE01F7XC with PID 7548 (C:\Users\dvsjunior\IdeaProjects\spring-jpa-jersey\target\classes started by dvsjunior in C:\Users\dvsjunior\IdeaProjects\spring-jpa-jersey)
2018-02-14 21:02:35,406 [main] INFO  b.c.c.c.application.Application - No active profile set, falling back to default profiles: default
2018-02-14 21:02:42,054 [main] WARN  o.s.b.c.e.AnnotationConfigEmbeddedWebApplicationContext - Exception encountered during context initialization - cancelling refresh attempt: org.springframework.beans.factory.UnsatisfiedDependencyException: Error creating bean with name 'citiesEndpoint': Unsatisfied dependency expressed through field 'citiesService'; nested exception is org.springframework.beans.factory.NoSuchBeanDefinitionException: No qualifying bean of type 'br.com.cinq.cities.service.CitiesService' available: expected at least 1 bean which qualifies as autowire candidate. Dependency annotations: {@org.springframework.beans.factory.annotation.Autowired(required=true)}
2018-02-14 21:02:42,173 [main] ERROR o.s.b.d.LoggingFailureAnalysisReporter - 

***************************
APPLICATION FAILED TO START
***************************

Description:

Field citiesService in br.com.cinq.cities.endpoint.CitiesEndpoint required a bean of type 'br.com.cinq.cities.service.CitiesService' that could not be found.


Action:

Consider defining a bean of type 'br.com.cinq.cities.service.CitiesService' in your configuration.

2018-02-14 21:06:13,787 [main] INFO  b.c.c.c.application.Application - Starting Application on COPENGNPE01F7XC with PID 3648 (C:\Users\dvsjunior\IdeaProjects\spring-jpa-jersey\target\classes started by dvsjunior in C:\Users\dvsjunior\IdeaProjects\spring-jpa-jersey)
2018-02-14 21:06:13,794 [main] INFO  b.c.c.c.application.Application - No active profile set, falling back to default profiles: default
2018-02-14 21:06:20,282 [main] WARN  o.s.b.c.e.AnnotationConfigEmbeddedWebApplicationContext - Exception encountered during context initialization - cancelling refresh attempt: org.springframework.beans.factory.UnsatisfiedDependencyException: Error creating bean with name 'citiesEndpoint': Unsatisfied dependency expressed through field 'citiesService'; nested exception is org.springframework.beans.factory.NoSuchBeanDefinitionException: No qualifying bean of type 'br.com.cinq.cities.service.CitiesService' available: expected at least 1 bean which qualifies as autowire candidate. Dependency annotations: {@org.springframework.beans.factory.annotation.Autowired(required=true)}
2018-02-14 21:06:20,448 [main] ERROR o.s.b.d.LoggingFailureAnalysisReporter - 

***************************
APPLICATION FAILED TO START
***************************

Description:

Field citiesService in br.com.cinq.cities.endpoint.CitiesEndpoint required a bean of type 'br.com.cinq.cities.service.CitiesService' that could not be found.


Action:

Consider defining a bean of type 'br.com.cinq.cities.service.CitiesService' in your configuration.

2018-02-14 21:08:04,827 [main] INFO  b.c.c.c.application.Application - Starting Application on COPENGNPE01F7XC with PID 5296 (C:\Users\dvsjunior\IdeaProjects\spring-jpa-jersey\target\classes started by dvsjunior in C:\Users\dvsjunior\IdeaProjects\spring-jpa-jersey)
2018-02-14 21:08:04,830 [main] INFO  b.c.c.c.application.Application - No active profile set, falling back to default profiles: default
2018-02-14 21:08:12,739 [main] INFO  b.c.c.c.application.Application - Started Application in 8.537 seconds (JVM running for 9.708)
2018-02-14 21:10:14,248 [main] INFO  b.c.c.c.application.Application - Starting Application on COPENGNPE01F7XC with PID 10104 (C:\Users\dvsjunior\IdeaProjects\spring-jpa-jersey\target\classes started by dvsjunior in C:\Users\dvsjunior\IdeaProjects\spring-jpa-jersey)
2018-02-14 21:10:14,253 [main] INFO  b.c.c.c.application.Application - No active profile set, falling back to default profiles: default
2018-02-14 21:10:20,979 [main] INFO  b.c.c.c.application.Application - Started Application in 7.319 seconds (JVM running for 8.362)
2018-02-14 21:11:29,164 [main] INFO  b.c.c.c.application.Application - Starting Application on COPENGNPE01F7XC with PID 5156 (C:\Users\dvsjunior\IdeaProjects\spring-jpa-jersey\target\classes started by dvsjunior in C:\Users\dvsjunior\IdeaProjects\spring-jpa-jersey)
2018-02-14 21:11:29,168 [main] INFO  b.c.c.c.application.Application - No active profile set, falling back to default profiles: default
2018-02-14 21:11:33,870 [localhost-startStop-1] ERROR o.g.j.s.s.SpringComponentProvider - None or multiple beans found in Spring context for type class br.com.cinq.cities.endpoint.CitiesEndpoint, skipping the type.
2018-02-14 21:11:35,948 [main] INFO  b.c.c.c.application.Application - Started Application in 7.35 seconds (JVM running for 8.497)
2018-02-14 21:13:08,845 [main] INFO  b.c.c.c.application.Application - Starting Application on COPENGNPE01F7XC with PID 7660 (C:\Users\dvsjunior\IdeaProjects\spring-jpa-jersey\target\classes started by dvsjunior in C:\Users\dvsjunior\IdeaProjects\spring-jpa-jersey)
2018-02-14 21:13:08,849 [main] INFO  b.c.c.c.application.Application - No active profile set, falling back to default profiles: default
2018-02-14 21:13:15,851 [main] INFO  b.c.c.c.application.Application - Started Application in 7.937 seconds (JVM running for 9.173)
2018-02-14 21:13:56,817 [main] INFO  b.c.c.c.application.Application - Starting Application on COPENGNPE01F7XC with PID 8928 (C:\Users\dvsjunior\IdeaProjects\spring-jpa-jersey\target\classes started by dvsjunior in C:\Users\dvsjunior\IdeaProjects\spring-jpa-jersey)
2018-02-14 21:13:56,822 [main] INFO  b.c.c.c.application.Application - No active profile set, falling back to default profiles: default
2018-02-14 21:14:03,609 [main] INFO  b.c.c.c.application.Application - Started Application in 7.392 seconds (JVM running for 8.603)
2018-02-14 21:20:18,455 [main] INFO  b.c.c.c.application.Application - Starting Application on COPENGNPE01F7XC with PID 3764 (C:\Users\dvsjunior\IdeaProjects\spring-jpa-jersey\target\classes started by dvsjunior in C:\Users\dvsjunior\IdeaProjects\spring-jpa-jersey)
2018-02-14 21:20:18,485 [main] INFO  b.c.c.c.application.Application - No active profile set, falling back to default profiles: default
2018-02-14 21:20:27,587 [main] INFO  b.c.c.c.application.Application - Started Application in 10.119 seconds (JVM running for 11.9)
2018-02-14 21:21:33,666 [http-nio-8090-exec-7] WARN  o.h.e.jdbc.spi.SqlExceptionHelper - SQL Error: 42122, SQLState: 42S22
2018-02-14 21:21:33,682 [http-nio-8090-exec-7] ERROR o.h.e.jdbc.spi.SqlExceptionHelper - Column "CITY0_1_.COUNTRY_ID" not found; SQL statement:
select city0_.id as id1_0_, city0_.name as name2_0_ from city city0_ left outer join country city0_1_ on city0_.id=city0_1_.country_id [42122-196]
2018-02-14 21:21:33,725 [http-nio-8090-exec-7] ERROR o.a.c.c.C.[.[.[.[dispatcherServlet] - Servlet.service() for servlet [dispatcherServlet] in context with path [] threw exception [org.springframework.dao.InvalidDataAccessResourceUsageException: could not prepare statement; SQL [select city0_.id as id1_0_, city0_.name as name2_0_ from city city0_ left outer join country city0_1_ on city0_.id=city0_1_.country_id]; nested exception is org.hibernate.exception.SQLGrammarException: could not prepare statement] with root cause
org.h2.jdbc.JdbcSQLException: Column "CITY0_1_.COUNTRY_ID" not found; SQL statement:
select city0_.id as id1_0_, city0_.name as name2_0_ from city city0_ left outer join country city0_1_ on city0_.id=city0_1_.country_id [42122-196]
	at org.h2.message.DbException.getJdbcSQLException(DbException.java:345)
	at org.h2.message.DbException.get(DbException.java:179)
	at org.h2.message.DbException.get(DbException.java:155)
	at org.h2.expression.ExpressionColumn.optimize(ExpressionColumn.java:147)
	at org.h2.expression.Comparison.optimize(Comparison.java:180)
	at org.h2.command.dml.Select.setEvaluatableRecursive(Select.java:1029)
	at org.h2.command.dml.Select.preparePlan(Select.java:1006)
	at org.h2.command.dml.Select.prepare(Select.java:865)
	at org.h2.command.Parser.prepareCommand(Parser.java:263)
	at org.h2.engine.Session.prepareLocal(Session.java:578)
	at org.h2.engine.Session.prepareCommand(Session.java:519)
	at org.h2.jdbc.JdbcConnection.prepareCommand(JdbcConnection.java:1204)
	at org.h2.jdbc.JdbcPreparedStatement.<init>(JdbcPreparedStatement.java:73)
	at org.h2.jdbc.JdbcConnection.prepareStatement(JdbcConnection.java:288)
	at sun.reflect.NativeMethodAccessorImpl.invoke0(Native Method)
	at sun.reflect.NativeMethodAccessorImpl.invoke(NativeMethodAccessorImpl.java:62)
	at sun.reflect.DelegatingMethodAccessorImpl.invoke(DelegatingMethodAccessorImpl.java:43)
	at java.lang.reflect.Method.invoke(Method.java:498)
	at org.apache.tomcat.jdbc.pool.ProxyConnection.invoke(ProxyConnection.java:126)
	at org.apache.tomcat.jdbc.pool.JdbcInterceptor.invoke(JdbcInterceptor.java:108)
	at org.apache.tomcat.jdbc.pool.interceptor.AbstractCreateStatementInterceptor.invoke(AbstractCreateStatementInterceptor.java:75)
	at org.apache.tomcat.jdbc.pool.JdbcInterceptor.invoke(JdbcInterceptor.java:108)
	at org.apache.tomcat.jdbc.pool.DisposableConnectionFacade.invoke(DisposableConnectionFacade.java:81)
	at com.sun.proxy.$Proxy95.prepareStatement(Unknown Source)
	at org.hibernate.engine.jdbc.internal.StatementPreparerImpl$5.doPrepare(StatementPreparerImpl.java:146)
	at org.hibernate.engine.jdbc.internal.StatementPreparerImpl$StatementPreparationTemplate.prepareStatement(StatementPreparerImpl.java:172)
	at org.hibernate.engine.jdbc.internal.StatementPreparerImpl.prepareQueryStatement(StatementPreparerImpl.java:148)
	at org.hibernate.loader.Loader.prepareQueryStatement(Loader.java:1929)
	at org.hibernate.loader.Loader.executeQueryStatement(Loader.java:1898)
	at org.hibernate.loader.Loader.executeQueryStatement(Loader.java:1876)
	at org.hibernate.loader.Loader.doQuery(Loader.java:919)
	at org.hibernate.loader.Loader.doQueryAndInitializeNonLazyCollections(Loader.java:336)
	at org.hibernate.loader.Loader.doList(Loader.java:2617)
	at org.hibernate.loader.Loader.doList(Loader.java:2600)
	at org.hibernate.loader.Loader.listIgnoreQueryCache(Loader.java:2429)
	at org.hibernate.loader.Loader.list(Loader.java:2424)
	at org.hibernate.loader.hql.QueryLoader.list(QueryLoader.java:501)
	at org.hibernate.hql.internal.ast.QueryTranslatorImpl.list(QueryTranslatorImpl.java:371)
	at org.hibernate.engine.query.spi.HQLQueryPlan.performList(HQLQueryPlan.java:216)
	at org.hibernate.internal.SessionImpl.list(SessionImpl.java:1326)
	at org.hibernate.internal.QueryImpl.list(QueryImpl.java:87)
	at org.hibernate.jpa.internal.QueryImpl.list(QueryImpl.java:606)
	at org.hibernate.jpa.internal.QueryImpl.getResultList(QueryImpl.java:483)
	at org.hibernate.jpa.criteria.compile.CriteriaQueryTypeQueryAdapter.getResultList(CriteriaQueryTypeQueryAdapter.java:50)
	at org.springframework.data.jpa.repository.support.SimpleJpaRepository.findAll(SimpleJpaRepository.java:329)
	at org.springframework.data.jpa.repository.support.SimpleJpaRepository.findAll(SimpleJpaRepository.java:74)
	at sun.reflect.NativeMethodAccessorImpl.invoke0(Native Method)
	at sun.reflect.NativeMethodAccessorImpl.invoke(NativeMethodAccessorImpl.java:62)
	at sun.reflect.DelegatingMethodAccessorImpl.invoke(DelegatingMethodAccessorImpl.java:43)
	at java.lang.reflect.Method.invoke(Method.java:498)
	at org.springframework.data.repository.core.support.RepositoryFactorySupport$QueryExecutorMethodInterceptor.executeMethodOn(RepositoryFactorySupport.java:513)
	at org.springframework.data.repository.core.support.RepositoryFactorySupport$QueryExecutorMethodInterceptor.doInvoke(RepositoryFactorySupport.java:498)
	at org.springframework.data.repository.core.support.RepositoryFactorySupport$QueryExecutorMethodInterceptor.invoke(RepositoryFactorySupport.java:475)
	at org.springframework.aop.framework.ReflectiveMethodInvocation.proceed(ReflectiveMethodInvocation.java:179)
	at org.springframework.data.projection.DefaultMethodInvokingMethodInterceptor.invoke(DefaultMethodInvokingMethodInterceptor.java:56)
	at org.springframework.aop.framework.ReflectiveMethodInvocation.proceed(ReflectiveMethodInvocation.java:179)
	at org.springframework.transaction.interceptor.TransactionInterceptor$1.proceedWithInvocation(TransactionInterceptor.java:99)
	at org.springframework.transaction.interceptor.TransactionAspectSupport.invokeWithinTransaction(TransactionAspectSupport.java:282)
	at org.springframework.transaction.interceptor.TransactionInterceptor.invoke(TransactionInterceptor.java:96)
	at org.springframework.aop.framework.ReflectiveMethodInvocation.proceed(ReflectiveMethodInvocation.java:179)
	at org.springframework.dao.support.PersistenceExceptionTranslationInterceptor.invoke(PersistenceExceptionTranslationInterceptor.java:136)
	at org.springframework.aop.framework.ReflectiveMethodInvocation.proceed(ReflectiveMethodInvocation.java:179)
	at org.springframework.data.jpa.repository.support.CrudMethodMetadataPostProcessor$CrudMethodMetadataPopulatingMethodInterceptor.invoke(CrudMethodMetadataPostProcessor.java:133)
	at org.springframework.aop.framework.ReflectiveMethodInvocation.proceed(ReflectiveMethodInvocation.java:179)
	at org.springframework.aop.interceptor.ExposeInvocationInterceptor.invoke(ExposeInvocationInterceptor.java:92)
	at org.springframework.aop.framework.ReflectiveMethodInvocation.proceed(ReflectiveMethodInvocation.java:179)
	at org.springframework.data.repository.core.support.SurroundingTransactionDetectorMethodInterceptor.invoke(SurroundingTransactionDetectorMethodInterceptor.java:57)
	at org.springframework.aop.framework.ReflectiveMethodInvocation.proceed(ReflectiveMethodInvocation.java:179)
	at org.springframework.aop.framework.JdkDynamicAopProxy.invoke(JdkDynamicAopProxy.java:213)
	at com.sun.proxy.$Proxy107.findAll(Unknown Source)
	at br.com.cinq.cities.service.CitiesServiceImpl.getAllCities(CitiesServiceImpl.java:20)
	at br.com.cinq.cities.endpoint.CitiesEndpoint.getArticleDetails(CitiesEndpoint.java:31)
	at sun.reflect.NativeMethodAccessorImpl.invoke0(Native Method)
	at sun.reflect.NativeMethodAccessorImpl.invoke(NativeMethodAccessorImpl.java:62)
	at sun.reflect.DelegatingMethodAccessorImpl.invoke(DelegatingMethodAccessorImpl.java:43)
	at java.lang.reflect.Method.invoke(Method.java:498)
	at org.glassfish.jersey.server.model.internal.ResourceMethodInvocationHandlerFactory$1.invoke(ResourceMethodInvocationHandlerFactory.java:81)
	at org.glassfish.jersey.server.model.internal.AbstractJavaResourceMethodDispatcher$1.run(AbstractJavaResourceMethodDispatcher.java:144)
	at org.glassfish.jersey.server.model.internal.AbstractJavaResourceMethodDispatcher.invoke(AbstractJavaResourceMethodDispatcher.java:161)
	at org.glassfish.jersey.server.model.internal.JavaResourceMethodDispatcherProvider$ResponseOutInvoker.doDispatch(JavaResourceMethodDispatcherProvider.java:160)
	at org.glassfish.jersey.server.model.internal.AbstractJavaResourceMethodDispatcher.dispatch(AbstractJavaResourceMethodDispatcher.java:99)
	at org.glassfish.jersey.server.model.ResourceMethodInvoker.invoke(ResourceMethodInvoker.java:389)
	at org.glassfish.jersey.server.model.ResourceMethodInvoker.apply(ResourceMethodInvoker.java:347)
	at org.glassfish.jersey.server.model.ResourceMethodInvoker.apply(ResourceMethodInvoker.java:102)
	at org.glassfish.jersey.server.ServerRuntime$2.run(ServerRuntime.java:326)
	at org.glassfish.jersey.internal.Errors$1.call(Errors.java:271)
	at org.glassfish.jersey.internal.Errors$1.call(Errors.java:267)
	at org.glassfish.jersey.internal.Errors.process(Errors.java:315)
	at org.glassfish.jersey.internal.Errors.process(Errors.java:297)
	at org.glassfish.jersey.internal.Errors.process(Errors.java:267)
	at org.glassfish.jersey.process.internal.RequestScope.runInScope(RequestScope.java:317)
	at org.glassfish.jersey.server.ServerRuntime.process(ServerRuntime.java:305)
	at org.glassfish.jersey.server.ApplicationHandler.handle(ApplicationHandler.java:1154)
	at org.glassfish.jersey.servlet.WebComponent.serviceImpl(WebComponent.java:473)
	at org.glassfish.jersey.servlet.ServletContainer.serviceImpl(ServletContainer.java:408)
	at org.glassfish.jersey.servlet.ServletContainer.doFilter(ServletContainer.java:583)
	at org.glassfish.jersey.servlet.ServletContainer.doFilter(ServletContainer.java:524)
	at org.glassfish.jersey.servlet.ServletContainer.doFilter(ServletContainer.java:461)
	at org.apache.catalina.core.ApplicationFilterChain.internalDoFilter(ApplicationFilterChain.java:193)
	at org.apache.catalina.core.ApplicationFilterChain.doFilter(ApplicationFilterChain.java:166)
	at org.springframework.web.filter.RequestContextFilter.doFilterInternal(RequestContextFilter.java:99)
	at org.springframework.web.filter.OncePerRequestFilter.doFilter(OncePerRequestFilter.java:107)
	at org.apache.catalina.core.ApplicationFilterChain.internalDoFilter(ApplicationFilterChain.java:193)
	at org.apache.catalina.core.ApplicationFilterChain.doFilter(ApplicationFilterChain.java:166)
	at org.springframework.web.filter.HttpPutFormContentFilter.doFilterInternal(HttpPutFormContentFilter.java:108)
	at org.springframework.web.filter.OncePerRequestFilter.doFilter(OncePerRequestFilter.java:107)
	at org.apache.catalina.core.ApplicationFilterChain.internalDoFilter(ApplicationFilterChain.java:193)
	at org.apache.catalina.core.ApplicationFilterChain.doFilter(ApplicationFilterChain.java:166)
	at org.springframework.web.filter.HiddenHttpMethodFilter.doFilterInternal(HiddenHttpMethodFilter.java:81)
	at org.springframework.web.filter.OncePerRequestFilter.doFilter(OncePerRequestFilter.java:107)
	at org.apache.catalina.core.ApplicationFilterChain.internalDoFilter(ApplicationFilterChain.java:193)
	at org.apache.catalina.core.ApplicationFilterChain.doFilter(ApplicationFilterChain.java:166)
	at org.springframework.web.filter.CharacterEncodingFilter.doFilterInternal(CharacterEncodingFilter.java:197)
	at org.springframework.web.filter.OncePerRequestFilter.doFilter(OncePerRequestFilter.java:107)
	at org.apache.catalina.core.ApplicationFilterChain.internalDoFilter(ApplicationFilterChain.java:193)
	at org.apache.catalina.core.ApplicationFilterChain.doFilter(ApplicationFilterChain.java:166)
	at org.apache.catalina.core.StandardWrapperValve.invoke(StandardWrapperValve.java:199)
	at org.apache.catalina.core.StandardContextValve.invoke(StandardContextValve.java:96)
	at org.apache.catalina.authenticator.AuthenticatorBase.invoke(AuthenticatorBase.java:504)
	at org.apache.catalina.core.StandardHostValve.invoke(StandardHostValve.java:140)
	at org.apache.catalina.valves.ErrorReportValve.invoke(ErrorReportValve.java:81)
	at org.apache.catalina.core.StandardEngineValve.invoke(StandardEngineValve.java:87)
	at org.apache.catalina.connector.CoyoteAdapter.service(CoyoteAdapter.java:342)
	at org.apache.coyote.http11.Http11Processor.service(Http11Processor.java:803)
	at org.apache.coyote.AbstractProcessorLight.process(AbstractProcessorLight.java:66)
	at org.apache.coyote.AbstractProtocol$ConnectionHandler.process(AbstractProtocol.java:790)
	at org.apache.tomcat.util.net.NioEndpoint$SocketProcessor.doRun(NioEndpoint.java:1459)
	at org.apache.tomcat.util.net.SocketProcessorBase.run(SocketProcessorBase.java:49)
	at java.util.concurrent.ThreadPoolExecutor.runWorker(ThreadPoolExecutor.java:1142)
	at java.util.concurrent.ThreadPoolExecutor$Worker.run(ThreadPoolExecutor.java:617)
	at org.apache.tomcat.util.threads.TaskThread$WrappingRunnable.run(TaskThread.java:61)
	at java.lang.Thread.run(Thread.java:745)
2018-02-14 21:33:23,503 [main] INFO  b.c.c.c.application.Application - Starting Application on COPENGNPE01F7XC with PID 8424 (C:\Users\dvsjunior\IdeaProjects\spring-jpa-jersey\target\classes started by dvsjunior in C:\Users\dvsjunior\IdeaProjects\spring-jpa-jersey)
2018-02-14 21:33:23,508 [main] INFO  b.c.c.c.application.Application - No active profile set, falling back to default profiles: default
2018-02-14 21:33:31,629 [main] INFO  b.c.c.c.application.Application - Started Application in 8.775 seconds (JVM running for 10.222)
2018-02-14 21:33:38,427 [http-nio-8090-exec-1] ERROR o.g.j.m.i.WriterInterceptorExecutor - MessageBodyWriter not found for media type=text/html, type=class java.util.ArrayList, genericType=class java.util.ArrayList.
2018-02-14 21:34:49,544 [main] INFO  b.c.c.c.application.Application - Starting Application on COPENGNPE01F7XC with PID 11092 (C:\Users\dvsjunior\IdeaProjects\spring-jpa-jersey\target\classes started by dvsjunior in C:\Users\dvsjunior\IdeaProjects\spring-jpa-jersey)
2018-02-14 21:34:49,554 [main] INFO  b.c.c.c.application.Application - No active profile set, falling back to default profiles: default
2018-02-14 21:34:58,477 [main] INFO  b.c.c.c.application.Application - Started Application in 9.53 seconds (JVM running for 10.659)
2018-02-14 21:36:54,421 [main] INFO  b.c.c.c.application.Application - Starting Application on COPENGNPE01F7XC with PID 10348 (C:\Users\dvsjunior\IdeaProjects\spring-jpa-jersey\target\classes started by dvsjunior in C:\Users\dvsjunior\IdeaProjects\spring-jpa-jersey)
2018-02-14 21:36:54,426 [main] INFO  b.c.c.c.application.Application - No active profile set, falling back to default profiles: default
2018-02-14 21:37:01,421 [main] INFO  b.c.c.c.application.Application - Started Application in 7.57 seconds (JVM running for 8.661)
2018-02-14 21:38:59,313 [main] INFO  b.c.c.c.application.Application - Starting Application on COPENGNPE01F7XC with PID 11232 (C:\Users\dvsjunior\IdeaProjects\spring-jpa-jersey\target\classes started by dvsjunior in C:\Users\dvsjunior\IdeaProjects\spring-jpa-jersey)
2018-02-14 21:38:59,318 [main] INFO  b.c.c.c.application.Application - No active profile set, falling back to default profiles: default
2018-02-14 21:39:07,836 [main] INFO  b.c.c.c.application.Application - Started Application in 9.036 seconds (JVM running for 10.26)
